<?xml version="1.0" encoding="UTF-8"?>
<testsuites>
  <testsuite name="CodeIgniter Application Test Suite" tests="4" assertions="4" failures="0" errors="0" time="0.128236">
    <testsuite name="Login_test" file="C:\xampp\htdocs\ci-test\tests\controllers\login_test.php" fullPackage="Login" tests="1" assertions="1" failures="0" errors="0" time="0.031422">
      <testcase name="test_get_user" class="Login_test" file="C:\xampp\htdocs\ci-test\tests\controllers\login_test.php" line="5" assertions="1" time="0.031422"/>
    </testsuite>
    <testsuite name="Jquery_loader_test" file="C:\xampp\htdocs\ci-test\tests\libraries\Jquery_loader_test.php" fullPackage="Jquery.loader" tests="3" assertions="3" failures="0" errors="0" time="0.096814">
      <testcase name="test_package" class="Jquery_loader_test" file="C:\xampp\htdocs\ci-test\tests\libraries\Jquery_loader_test.php" line="12" assertions="1" time="0.046921"/>
      <testcase name="test_js_loader" class="Jquery_loader_test" file="C:\xampp\htdocs\ci-test\tests\libraries\Jquery_loader_test.php" line="22" assertions="1" time="0.035337"/>
      <testcase name="test_css_loader" class="Jquery_loader_test" file="C:\xampp\htdocs\ci-test\tests\libraries\Jquery_loader_test.php" line="34" assertions="1" time="0.014556"/>
    </testsuite>
  </testsuite>
</testsuites>
