<?xml version="1.0" encoding="UTF-8"?>
<testsuites>
  <testsuite name="CodeIgniter Application Test Suite" tests="3" assertions="3" failures="0" errors="0" time="0.080357">
    <testsuite name="Login_test" file="C:\xampp\htdocs\ci-test\tests\controllers\login_test.php" fullPackage="Login" tests="1" assertions="1" failures="0" errors="0" time="0.031546">
      <testcase name="test_get_user" class="Login_test" file="C:\xampp\htdocs\ci-test\tests\controllers\login_test.php" line="5" assertions="1" time="0.031546"/>
    </testsuite>
    <testsuite name="Jquery_loader_test" file="C:\xampp\htdocs\ci-test\tests\libraries\Jquery_loader_test.php" fullPackage="Jquery.loader" tests="2" assertions="2" failures="0" errors="0" time="0.048811">
      <testcase name="test_package" class="Jquery_loader_test" file="C:\xampp\htdocs\ci-test\tests\libraries\Jquery_loader_test.php" line="12" assertions="1" time="0.021669"/>
      <testcase name="test_js_loader" class="Jquery_loader_test" file="C:\xampp\htdocs\ci-test\tests\libraries\Jquery_loader_test.php" line="24" assertions="1" time="0.027142"/>
    </testsuite>
  </testsuite>
</testsuites>
