<?xml version="1.0" encoding="UTF-8"?>
<testsuites>
  <testsuite name="CodeIgniter Application Test Suite" tests="1" assertions="1" failures="0" errors="0" time="0.034354">
    <testsuite name="Login_test" file="C:\xampp\htdocs\ci-test\tests\controllers\login_test.php" fullPackage="Login" tests="1" assertions="1" failures="0" errors="0" time="0.034354">
      <testcase name="test_get_user" class="Login_test" file="C:\xampp\htdocs\ci-test\tests\controllers\login_test.php" line="5" assertions="1" time="0.034354"/>
    </testsuite>
  </testsuite>
</testsuites>
